<?xml version="1.0" encoding="UTF-8"?>
<robot generator="Robot 3.2.1 (Python 3.8.2 on win32)" generated="20200516 18:50:36.935" rpa="false">
<suite id="s1" name="Crear Usuario" source="C:\development\robot-scripts\portal_proveedores\test\crear_usuario.robot">
<test id="s1-t1" name="Crear un usuario y asociarlo a un proveedor">
<kw name="Abrir pagina" library="usuario">
<kw name="Open Browser" library="SeleniumLibrary">
<doc>Opens a new browser instance to the optional ``url``.</doc>
<arguments>
<arg>${LOGIN URL}</arg>
<arg>${BROWSER}</arg>
</arguments>
<msg timestamp="20200516 18:50:37.437" level="INFO">Opening browser 'chrome' to base url 'http://laila.siu.edu.ar:8286/siu/huarpe/app_dev.php'.</msg>
<status status="PASS" starttime="20200516 18:50:37.437" endtime="20200516 18:50:41.569"></status>
</kw>
<kw name="Maximize Browser Window" library="SeleniumLibrary">
<doc>Maximizes current browser window.</doc>
<status status="PASS" starttime="20200516 18:50:41.569" endtime="20200516 18:51:01.608"></status>
</kw>
<kw name="Title Should Be" library="SeleniumLibrary">
<doc>Verifies that the current page title equals ``title``.</doc>
<arguments>
<arg>SIGLA</arg>
</arguments>
<kw name="Capture Page Screenshot" library="SeleniumLibrary">
<doc>Takes a screenshot of the current page and embeds it into a log file.</doc>
<msg timestamp="20200516 18:51:25.735" level="FAIL">WebDriverException: Message: chrome not reachable
  (Session info: chrome=81.0.4044.138)
</msg>
<status status="FAIL" starttime="20200516 18:51:13.632" endtime="20200516 18:51:25.735"></status>
</kw>
<msg timestamp="20200516 18:51:25.735" level="WARN">Keyword 'Capture Page Screenshot' could not be run on failure: WebDriverException: Message: chrome not reachable
  (Session info: chrome=81.0.4044.138)
</msg>
<msg timestamp="20200516 18:51:25.749" level="FAIL">WebDriverException: Message: chrome not reachable
  (Session info: chrome=81.0.4044.138)
</msg>
<status status="FAIL" starttime="20200516 18:51:01.610" endtime="20200516 18:51:25.749"></status>
</kw>
<status status="FAIL" starttime="20200516 18:50:37.436" endtime="20200516 18:51:25.750"></status>
</kw>
<doc>Debemos loguearnos con admin_proveedor y crear un nuevo usuario</doc>
<tags>
<tag>Smoke</tag>
</tags>
<status status="FAIL" starttime="20200516 18:50:37.435" endtime="20200516 18:51:25.759" critical="yes">WebDriverException: Message: chrome not reachable
  (Session info: chrome=81.0.4044.138)
</status>
</test>
<doc>Crear un usuario y asociarlo a un proveedor</doc>
<status status="FAIL" starttime="20200516 18:50:36.937" endtime="20200516 18:51:25.768"></status>
</suite>
<statistics>
<total>
<stat pass="0" fail="1">Critical Tests</stat>
<stat pass="0" fail="1">All Tests</stat>
</total>
<tag>
<stat pass="0" fail="1">Smoke</stat>
</tag>
<suite>
<stat pass="0" fail="1" id="s1" name="Crear Usuario">Crear Usuario</stat>
</suite>
</statistics>
<errors>
<msg timestamp="20200516 18:51:25.735" level="WARN">Keyword 'Capture Page Screenshot' could not be run on failure: WebDriverException: Message: chrome not reachable
  (Session info: chrome=81.0.4044.138)
</msg>
</errors>
</robot>
